0 info it worked if it ends with ok
1 verbose cli [ '/usr/bin/nodejs', '/usr/bin/npm', 'run', 'test:jks' ]
2 info using npm@3.5.2
3 info using node@v4.2.6
4 verbose run-script [ 'pretest:jks', 'test:jks', 'posttest:jks' ]
5 info lifecycle anbima-ui-components@1.3.1~pretest:jks: anbima-ui-components@1.3.1
6 silly lifecycle anbima-ui-components@1.3.1~pretest:jks: no script for pretest:jks, continuing
7 info lifecycle anbima-ui-components@1.3.1~test:jks: anbima-ui-components@1.3.1
8 verbose lifecycle anbima-ui-components@1.3.1~test:jks: unsafe-perm in lifecycle true
9 verbose lifecycle anbima-ui-components@1.3.1~test:jks: PATH: /usr/share/npm/bin/node-gyp-bin:/home/m-wolff-dos-santos/Projetos/xp-ds/node_modules/.bin:/home/m-wolff-dos-santos/Projetos/xp-ds/node_modules/.bin:/home/m-wolff-dos-santos/Projetos/node_modules/.bin:/home/m-wolff-dos-santos/node_modules/.bin:/home/node_modules/.bin:/node_modules/.bin:/home/m-wolff-dos-santos/.nvm/versions/node/v10.14.1/bin:/usr/lib/git-core:/home/m-wolff-dos-santos/.nvm/versions/node/v10.14.1/bin:/home/m-wolff-dos-santos/bin:/home/m-wolff-dos-santos/.local/bin:/usr/local/sbin:/usr/local/bin:/usr/sbin:/usr/bin:/sbin:/bin:/usr/games:/usr/local/games:/snap/bin:/home/m-wolff-dos-santos/Android/Sdk/tools:/home/m-wolff-dos-santos/Android/Sdk/platform-tools:/home/m-wolff-dos-santos/Android/Sdk/tools:/home/m-wolff-dos-santos/Android/Sdk/platform-tools
10 verbose lifecycle anbima-ui-components@1.3.1~test:jks: CWD: /home/m-wolff-dos-santos/Projetos/xp-ds
11 silly lifecycle anbima-ui-components@1.3.1~test:jks: Args: [ '-c', 'CI=true npm run test' ]
12 silly lifecycle anbima-ui-components@1.3.1~test:jks: Returned: code: 1  signal: null
13 info lifecycle anbima-ui-components@1.3.1~test:jks: Failed to exec test:jks script
14 verbose stack Error: anbima-ui-components@1.3.1 test:jks: `CI=true npm run test`
14 verbose stack Exit status 1
14 verbose stack     at EventEmitter.<anonymous> (/usr/share/npm/lib/utils/lifecycle.js:232:16)
14 verbose stack     at emitTwo (events.js:87:13)
14 verbose stack     at EventEmitter.emit (events.js:172:7)
14 verbose stack     at ChildProcess.<anonymous> (/usr/share/npm/lib/utils/spawn.js:24:14)
14 verbose stack     at emitTwo (events.js:87:13)
14 verbose stack     at ChildProcess.emit (events.js:172:7)
14 verbose stack     at maybeClose (internal/child_process.js:821:16)
14 verbose stack     at Process.ChildProcess._handle.onexit (internal/child_process.js:211:5)
15 verbose pkgid anbima-ui-components@1.3.1
16 verbose cwd /home/m-wolff-dos-santos/Projetos/xp-ds
17 error Linux 4.15.0-66-generic
18 error argv "/usr/bin/nodejs" "/usr/bin/npm" "run" "test:jks"
19 error node v4.2.6
20 error npm  v3.5.2
21 error code ELIFECYCLE
22 error anbima-ui-components@1.3.1 test:jks: `CI=true npm run test`
22 error Exit status 1
23 error Failed at the anbima-ui-components@1.3.1 test:jks script 'CI=true npm run test'.
23 error Make sure you have the latest version of node.js and npm installed.
23 error If you do, this is most likely a problem with the anbima-ui-components package,
23 error not with npm itself.
23 error Tell the author that this fails on your system:
23 error     CI=true npm run test
23 error You can get information on how to open an issue for this project with:
23 error     npm bugs anbima-ui-components
23 error Or if that isn't available, you can get their info via:
23 error     npm owner ls anbima-ui-components
23 error There is likely additional logging output above.
24 verbose exit [ 1, true ]
